빌드 시작: 2017-01-15 오후 4:12:35
     1>2 노드의 "C:\Users\Administrator\documents\visual studio 2015\Projects\XorPacker\XorPacker\XorPacker.vcxproj" 프로젝트(Build 대상)입니다.
     1>ClCompile:
         C:\Program Files (x86)\Microsoft Visual Studio 14.0\VC\bin\CL.exe /c /Zi /nologo /W3 /WX- /sdl /O2 /Oi /Oy- /GL /D _MBCS /Gm- /EHsc /MD /GS /Gy /fp:precise /Zc:wchar_t /Zc:forScope /Zc:inline /Fo"Release\\" /Fd"Release\vc140.pdb" /Gd /TC /analyze- /errorReport:prompt "소스.c"
         소스.c
     1>소스.c(10): error C2143: 구문 오류: ';'이(가) '=' 앞에 없습니다.
     1>소스.c(10): error C2059: 구문 오류: '='
     1>소스.c(29): error C2059: 구문 오류: '}'
     1>소스.c(36): error C2065: 'IMAGE_DOS_HEADER': 선언되지 않은 식별자입니다.
     1>소스.c(36): error C2146: 구문 오류: ';'이(가) 'IMAGEDosHeader' 식별자 앞에 없습니다.
     1>소스.c(36): error C2065: 'IMAGEDosHeader': 선언되지 않은 식별자입니다.
     1>소스.c(54): error C2065: 'IMAGEDosHeader': 선언되지 않은 식별자입니다.
     1>소스.c(54): error C2224: '.e_magic' 왼쪽에는 구조체/공용 구조체 형식이 있어야 합니다.
     1>소스.c(55): error C2065: 'IMAGEDosHeader': 선언되지 않은 식별자입니다.
     1>소스.c(55): error C2224: '.e_cblp' 왼쪽에는 구조체/공용 구조체 형식이 있어야 합니다.
     1>소스.c(57): error C2065: 'IMAGEDosHeader': 선언되지 않은 식별자입니다.
     1>소스.c(57): error C2224: '.e_cblp' 왼쪽에는 구조체/공용 구조체 형식이 있어야 합니다.
     1>소스.c(59): error C2065: 'IMAGEDosHeader': 선언되지 않은 식별자입니다.
     1>소스.c(59): error C2224: '.e_cp' 왼쪽에는 구조체/공용 구조체 형식이 있어야 합니다.
     1>소스.c(61): error C2065: 'IMAGEDosHeader': 선언되지 않은 식별자입니다.
     1>소스.c(61): error C2224: '.e_cp' 왼쪽에는 구조체/공용 구조체 형식이 있어야 합니다.
     1>소스.c(63): error C2065: 'IMAGEDosHeader': 선언되지 않은 식별자입니다.
     1>소스.c(63): error C2224: '.e_crlc' 왼쪽에는 구조체/공용 구조체 형식이 있어야 합니다.
     1>소스.c(65): error C2065: 'IMAGEDosHeader': 선언되지 않은 식별자입니다.
     1>소스.c(65): error C2224: '.e_crlc' 왼쪽에는 구조체/공용 구조체 형식이 있어야 합니다.
     1>소스.c(69): error C2065: 'IMAGEDosHeader': 선언되지 않은 식별자입니다.
     1>소스.c(69): error C2224: '.e_cparhdr' 왼쪽에는 구조체/공용 구조체 형식이 있어야 합니다.
     1>소스.c(71): error C2065: 'IMAGEDosHeader': 선언되지 않은 식별자입니다.
     1>소스.c(71): error C2224: '.e_cparhdr' 왼쪽에는 구조체/공용 구조체 형식이 있어야 합니다.
     1>소스.c(73): error C2065: 'IMAGEDosHeader': 선언되지 않은 식별자입니다.
     1>소스.c(73): error C2224: '.e_cparhdr' 왼쪽에는 구조체/공용 구조체 형식이 있어야 합니다.
     1>소스.c(77): error C2065: 'IMAGEDosHeader': 선언되지 않은 식별자입니다.
     1>소스.c(77): error C2224: '.e_magic' 왼쪽에는 구조체/공용 구조체 형식이 있어야 합니다.
     1>소스.c(78): error C2065: 'IMAGEDosHeader': 선언되지 않은 식별자입니다.
     1>소스.c(78): error C2224: '.e_cblp' 왼쪽에는 구조체/공용 구조체 형식이 있어야 합니다.
     1>소스.c(79): error C2065: 'IMAGEDosHeader': 선언되지 않은 식별자입니다.
     1>소스.c(79): error C2224: '.e_cp' 왼쪽에는 구조체/공용 구조체 형식이 있어야 합니다.
     1>소스.c(80): error C2065: 'IMAGEDosHeader': 선언되지 않은 식별자입니다.
     1>소스.c(80): error C2224: '.e_crlc' 왼쪽에는 구조체/공용 구조체 형식이 있어야 합니다.
     1>소스.c(81): error C2065: 'IMAGEDosHeader': 선언되지 않은 식별자입니다.
     1>소스.c(81): error C2224: '.e_cparhdr' 왼쪽에는 구조체/공용 구조체 형식이 있어야 합니다.
     1>"C:\Users\Administrator\documents\visual studio 2015\Projects\XorPacker\XorPacker\XorPacker.vcxproj" 프로젝트를 빌드했습니다(Build 대상). - 실패

빌드하지 못했습니다.

경과 시간: 00:00:00.13
